Received matieres: Array
(
)

Received matieres_communes: Array
(
    [0] => 22
)

Received matieres: Array
(
    [0] => 84
)

Received matieres_communes: Array
(
    [0] => 22
)

Received matieres: Array
(
)

Received matieres_communes: Array
(
    [0] => 11
)

Received matieres: Array
(
)

Received matieres_communes: Array
(
    [0] => 11
)

Received matieres: Array
(
)

Received matieres_communes: Array
(
    [0] => 11
)

Received matieres: Array
(
)

Received matieres_communes: Array
(
    [0] => 11
)

Received matieres: Array
(
)

Received matieres_communes: Array
(
    [0] => 11
)

